# JRE version: OpenJDK Runtime Environment (17.0.7) (build 17.0.7+0-17.0.7b1000.6-10550314)
# Java VM: OpenJDK 64-Bit Server VM (17.0.7+0-17.0.7b1000.6-10550314, mixed mode, tiered, compressed oops, compressed class ptrs, g1 gc, linux-amd64)
GC Precious Log:
 CPUs: 16 total, 16 available
 Memory: 31930M
 Large Page Support: Disabled
 NUMA Support: Disabled
 Compressed Oops: Enabled (32-bit)
 Heap Region Size: 1M
 Heap Min Capacity: 8M
 Heap Initial Capacity: 500M
 Heap Max Capacity: 2G
 Pre-touch: Disabled
 Parallel Workers: 13
 Concurrent Workers: 3
 Concurrent Refinement Workers: 13
 Periodic GC: Disabled
Heap:
 garbage-first heap   total 260096K, used 182215K [0x0000000080000000, 0x0000000100000000)
  region size 1024K, 106 young (108544K), 16 survivors (16384K)
 Metaspace       used 99807K, committed 100480K, reserved 1179648K
  class space    used 13802K, committed 14144K, reserved 1048576K
GC Heap History (20 events):
Event: 2,664 GC heap before
{Heap before GC invocations=26 (full 0):
 garbage-first heap   total 124928K, used 67359K [0x0000000080000000, 0x0000000100000000)
  region size 1024K, 6 young (6144K), 3 survivors (3072K)
 Metaspace       used 66597K, committed 67136K, reserved 1114112K
  class space    used 8958K, committed 9216K, reserved 1048576K
}
Event: 2,665 GC heap after
{Heap after GC invocations=27 (full 0):
 garbage-first heap   total 124928K, used 65290K [0x0000000080000000, 0x0000000100000000)
  region size 1024K, 1 young (1024K), 1 survivors (1024K)
 Metaspace       used 66597K, committed 67136K, reserved 1114112K
  class space    used 8958K, committed 9216K, reserved 1048576K
}
Event: 2,780 GC heap before
{Heap before GC invocations=27 (full 0):
 garbage-first heap   total 124928K, used 92938K [0x0000000080000000, 0x0000000100000000)
  region size 1024K, 28 young (28672K), 1 survivors (1024K)
 Metaspace       used 68767K, committed 69376K, reserved 1114112K
  class space    used 9246K, committed 9536K, reserved 1048576K
}
Event: 2,781 GC heap after
{Heap after GC invocations=28 (full 0):
 garbage-first heap   total 124928K, used 66418K [0x0000000080000000, 0x0000000100000000)
  region size 1024K, 2 young (2048K), 2 survivors (2048K)
 Metaspace       used 68767K, committed 69376K, reserved 1114112K
  class space    used 9246K, committed 9536K, reserved 1048576K
}
Event: 2,944 GC heap before
{Heap before GC invocations=29 (full 0):
 garbage-first heap   total 124928K, used 99186K [0x0000000080000000, 0x0000000100000000)
  region size 1024K, 30 young (30720K), 2 survivors (2048K)
 Metaspace       used 72085K, committed 72768K, reserved 1114112K
  class space    used 9716K, committed 10048K, reserved 1048576K
}
Event: 2,945 GC heap after
{Heap after GC invocations=30 (full 0):
 garbage-first heap   total 124928K, used 72924K [0x0000000080000000, 0x0000000100000000)
  region size 1024K, 4 young (4096K), 4 survivors (4096K)
 Metaspace       used 72085K, committed 72768K, reserved 1114112K
  class space    used 9716K, committed 10048K, reserved 1048576K
}
Event: 2,953 GC heap before
{Heap before GC invocations=30 (full 0):
 garbage-first heap   total 124928K, used 74972K [0x0000000080000000, 0x0000000100000000)
  region size 1024K, 6 young (6144K), 4 survivors (4096K)
 Metaspace       used 72320K, committed 72960K, reserved 1114112K
  class space    used 9754K, committed 10048K, reserved 1048576K
}
Event: 2,954 GC heap after
{Heap after GC invocations=31 (full 0):
 garbage-first heap   total 124928K, used 72989K [0x0000000080000000, 0x0000000100000000)
  region size 1024K, 1 young (1024K), 1 survivors (1024K)
 Metaspace       used 72320K, committed 72960K, reserved 1114112K
  class space    used 9754K, committed 10048K, reserved 1048576K
}
Event: 3,043 GC heap before
{Heap before GC invocations=31 (full 0):
 garbage-first heap   total 124928K, used 97565K [0x0000000080000000, 0x0000000100000000)
  region size 1024K, 26 young (26624K), 1 survivors (1024K)
 Metaspace       used 75304K, committed 75904K, reserved 1179648K
  class space    used 10140K, committed 10432K, reserved 1048576K
}
Event: 3,043 GC heap after
{Heap after GC invocations=32 (full 0):
 garbage-first heap   total 124928K, used 74180K [0x0000000080000000, 0x0000000100000000)
  region size 1024K, 2 young (2048K), 2 survivors (2048K)
 Metaspace       used 75304K, committed 75904K, reserved 1179648K
  class space    used 10140K, committed 10432K, reserved 1048576K
}
Event: 3,150 GC heap before
{Heap before GC invocations=33 (full 0):
 garbage-first heap   total 130048K, used 98756K [0x0000000080000000, 0x0000000100000000)
  region size 1024K, 27 young (27648K), 2 survivors (2048K)
 Metaspace       used 77337K, committed 77952K, reserved 1179648K
  class space    used 10437K, committed 10752K, reserved 1048576K
}
Event: 3,151 GC heap after
{Heap after GC invocations=34 (full 0):
 garbage-first heap   total 130048K, used 75510K [0x0000000080000000, 0x0000000100000000)
  region size 1024K, 4 young (4096K), 4 survivors (4096K)
 Metaspace       used 77337K, committed 77952K, reserved 1179648K
  class space    used 10437K, committed 10752K, reserved 1048576K
}
Event: 3,160 GC heap before
{Heap before GC invocations=34 (full 0):
 garbage-first heap   total 130048K, used 76534K [0x0000000080000000, 0x0000000100000000)
  region size 1024K, 6 young (6144K), 4 survivors (4096K)
 Metaspace       used 77414K, committed 78016K, reserved 1179648K
  class space    used 10451K, committed 10752K, reserved 1048576K
}
Event: 3,161 GC heap after
{Heap after GC invocations=35 (full 0):
 garbage-first heap   total 130048K, used 75540K [0x0000000080000000, 0x0000000100000000)
  region size 1024K, 1 young (1024K), 1 survivors (1024K)
 Metaspace       used 77414K, committed 78016K, reserved 1179648K
  class space    used 10451K, committed 10752K, reserved 1048576K
}
Event: 3,258 GC heap before
{Heap before GC invocations=35 (full 0):
 garbage-first heap   total 130048K, used 104212K [0x0000000080000000, 0x0000000100000000)
  region size 1024K, 30 young (30720K), 1 survivors (1024K)
 Metaspace       used 78790K, committed 79424K, reserved 1179648K
  class space    used 10617K, committed 10944K, reserved 1048576K
}
Event: 3,260 GC heap after
{Heap after GC invocations=36 (full 0):
 garbage-first heap   total 260096K, used 77983K [0x0000000080000000, 0x0000000100000000)
  region size 1024K, 3 young (3072K), 3 survivors (3072K)
 Metaspace       used 78790K, committed 79424K, reserved 1179648K
  class space    used 10617K, committed 10944K, reserved 1048576K
}
Event: 3,760 GC heap before
{Heap before GC invocations=37 (full 0):
 garbage-first heap   total 260096K, used 195743K [0x0000000080000000, 0x0000000100000000)
  region size 1024K, 118 young (120832K), 3 survivors (3072K)
 Metaspace       used 87977K, committed 88640K, reserved 1179648K
  class space    used 12140K, committed 12480K, reserved 1048576K
}
Event: 3,762 GC heap after
{Heap after GC invocations=38 (full 0):
 garbage-first heap   total 260096K, used 82772K [0x0000000080000000, 0x0000000100000000)
  region size 1024K, 8 young (8192K), 8 survivors (8192K)
 Metaspace       used 87977K, committed 88640K, reserved 1179648K
  class space    used 12140K, committed 12480K, reserved 1048576K
}
Event: 4,274 GC heap before
{Heap before GC invocations=38 (full 0):
 garbage-first heap   total 260096K, used 206676K [0x0000000080000000, 0x0000000100000000)
  region size 1024K, 129 young (132096K), 8 survivors (8192K)
 Metaspace       used 97907K, committed 98560K, reserved 1179648K
  class space    used 13528K, committed 13888K, reserved 1048576K
}
Event: 4,276 GC heap after
{Heap after GC invocations=39 (full 0):
 garbage-first heap   total 260096K, used 91079K [0x0000000080000000, 0x0000000100000000)
  region size 1024K, 16 young (16384K), 16 survivors (16384K)
 Metaspace       used 97907K, committed 98560K, reserved 1179648K
  class space    used 13528K, committed 13888K, reserved 1048576K
}

