# JRE version: OpenJDK Runtime Environment (17.0.7) (build 17.0.7+0-17.0.7b1000.6-10550314)
# Java VM: OpenJDK 64-Bit Server VM (17.0.7+0-17.0.7b1000.6-10550314, mixed mode, tiered, compressed oops, compressed class ptrs, g1 gc, linux-amd64)
GC Precious Log:
 CPUs: 16 total, 16 available
 Memory: 31930M
 Large Page Support: Disabled
 NUMA Support: Disabled
 Compressed Oops: Enabled (32-bit)
 Heap Region Size: 1M
 Heap Min Capacity: 8M
 Heap Initial Capacity: 500M
 Heap Max Capacity: 2G
 Pre-touch: Disabled
 Parallel Workers: 13
 Concurrent Workers: 3
 Concurrent Refinement Workers: 13
 Periodic GC: Disabled
Heap:
 garbage-first heap   total 219136K, used 147715K [0x0000000080000000, 0x0000000100000000)
  region size 1024K, 64 young (65536K), 12 survivors (12288K)
 Metaspace       used 99488K, committed 100224K, reserved 1179648K
  class space    used 13792K, committed 14144K, reserved 1048576K
GC Heap History (20 events):
Event: 1,131 GC heap before
{Heap before GC invocations=7 (full 0):
 garbage-first heap   total 68608K, used 35643K [0x0000000080000000, 0x0000000100000000)
  region size 1024K, 16 young (16384K), 3 survivors (3072K)
 Metaspace       used 35684K, committed 35968K, reserved 1114112K
  class space    used 4961K, committed 5120K, reserved 1048576K
}
Event: 1,132 GC heap after
{Heap after GC invocations=8 (full 0):
 garbage-first heap   total 68608K, used 24587K [0x0000000080000000, 0x0000000100000000)
  region size 1024K, 3 young (3072K), 3 survivors (3072K)
 Metaspace       used 35684K, committed 35968K, reserved 1114112K
  class space    used 4961K, committed 5120K, reserved 1048576K
}
Event: 1,259 GC heap before
{Heap before GC invocations=9 (full 0):
 garbage-first heap   total 68608K, used 50187K [0x0000000080000000, 0x0000000100000000)
  region size 1024K, 29 young (29696K), 3 survivors (3072K)
 Metaspace       used 41082K, committed 41408K, reserved 1114112K
  class space    used 5490K, committed 5632K, reserved 1048576K
}
Event: 1,260 GC heap after
{Heap after GC invocations=10 (full 0):
 garbage-first heap   total 68608K, used 27795K [0x0000000080000000, 0x0000000100000000)
  region size 1024K, 4 young (4096K), 4 survivors (4096K)
 Metaspace       used 41082K, committed 41408K, reserved 1114112K
  class space    used 5490K, committed 5632K, reserved 1048576K
}
Event: 1,347 GC heap before
{Heap before GC invocations=10 (full 0):
 garbage-first heap   total 68608K, used 56467K [0x0000000080000000, 0x0000000100000000)
  region size 1024K, 28 young (28672K), 4 survivors (4096K)
 Metaspace       used 43048K, committed 43456K, reserved 1114112K
  class space    used 5663K, committed 5888K, reserved 1048576K
}
Event: 1,349 GC heap after
{Heap after GC invocations=11 (full 0):
 garbage-first heap   total 290816K, used 29826K [0x0000000080000000, 0x0000000100000000)
  region size 1024K, 3 young (3072K), 3 survivors (3072K)
 Metaspace       used 43048K, committed 43456K, reserved 1114112K
  class space    used 5663K, committed 5888K, reserved 1048576K
}
Event: 2,266 GC heap before
{Heap before GC invocations=11 (full 0):
 garbage-first heap   total 290816K, used 216194K [0x0000000080000000, 0x0000000100000000)
  region size 1024K, 170 young (174080K), 3 survivors (3072K)
 Metaspace       used 58149K, committed 58752K, reserved 1114112K
  class space    used 7843K, committed 8128K, reserved 1048576K
}
Event: 2,268 GC heap after
{Heap after GC invocations=12 (full 0):
 garbage-first heap   total 290816K, used 58952K [0x0000000080000000, 0x0000000100000000)
  region size 1024K, 18 young (18432K), 18 survivors (18432K)
 Metaspace       used 58149K, committed 58752K, reserved 1114112K
  class space    used 7843K, committed 8128K, reserved 1048576K
}
Event: 2,326 GC heap before
{Heap before GC invocations=12 (full 0):
 garbage-first heap   total 290816K, used 72264K [0x0000000080000000, 0x0000000100000000)
  region size 1024K, 32 young (32768K), 18 survivors (18432K)
 Metaspace       used 59649K, committed 60160K, reserved 1114112K
  class space    used 7993K, committed 8256K, reserved 1048576K
}
Event: 2,328 GC heap after
{Heap after GC invocations=13 (full 0):
 garbage-first heap   total 290816K, used 60657K [0x0000000080000000, 0x0000000100000000)
  region size 1024K, 2 young (2048K), 2 survivors (2048K)
 Metaspace       used 59649K, committed 60160K, reserved 1114112K
  class space    used 7993K, committed 8256K, reserved 1048576K
}
Event: 2,873 GC heap before
{Heap before GC invocations=14 (full 0):
 garbage-first heap   total 219136K, used 194801K [0x0000000080000000, 0x0000000100000000)
  region size 1024K, 124 young (126976K), 2 survivors (2048K)
 Metaspace       used 71449K, committed 72128K, reserved 1114112K
  class space    used 9620K, committed 9920K, reserved 1048576K
}
Event: 2,875 GC heap after
{Heap after GC invocations=15 (full 0):
 garbage-first heap   total 219136K, used 73059K [0x0000000080000000, 0x0000000100000000)
  region size 1024K, 10 young (10240K), 10 survivors (10240K)
 Metaspace       used 71449K, committed 72128K, reserved 1114112K
  class space    used 9620K, committed 9920K, reserved 1048576K
}
Event: 3,215 GC heap before
{Heap before GC invocations=15 (full 0):
 garbage-first heap   total 219136K, used 163171K [0x0000000080000000, 0x0000000100000000)
  region size 1024K, 99 young (101376K), 10 survivors (10240K)
 Metaspace       used 78592K, committed 79232K, reserved 1179648K
  class space    used 10583K, committed 10880K, reserved 1048576K
}
Event: 3,218 GC heap after
{Heap after GC invocations=16 (full 0):
 garbage-first heap   total 219136K, used 79659K [0x0000000080000000, 0x0000000100000000)
  region size 1024K, 7 young (7168K), 7 survivors (7168K)
 Metaspace       used 78592K, committed 79232K, reserved 1179648K
  class space    used 10583K, committed 10880K, reserved 1048576K
}
Event: 3,565 GC heap before
{Heap before GC invocations=16 (full 0):
 garbage-first heap   total 219136K, used 166699K [0x0000000080000000, 0x0000000100000000)
  region size 1024K, 92 young (94208K), 7 survivors (7168K)
 Metaspace       used 85459K, committed 86080K, reserved 1179648K
  class space    used 11746K, committed 12032K, reserved 1048576K
}
Event: 3,567 GC heap after
{Heap after GC invocations=17 (full 0):
 garbage-first heap   total 219136K, used 82810K [0x0000000080000000, 0x0000000100000000)
  region size 1024K, 10 young (10240K), 10 survivors (10240K)
 Metaspace       used 85459K, committed 86080K, reserved 1179648K
  class space    used 11746K, committed 12032K, reserved 1048576K
}
Event: 3,925 GC heap before
{Heap before GC invocations=17 (full 0):
 garbage-first heap   total 219136K, used 170874K [0x0000000080000000, 0x0000000100000000)
  region size 1024K, 96 young (98304K), 10 survivors (10240K)
 Metaspace       used 92737K, committed 93376K, reserved 1179648K
  class space    used 12862K, committed 13184K, reserved 1048576K
}
Event: 3,929 GC heap after
{Heap after GC invocations=18 (full 0):
 garbage-first heap   total 219136K, used 87665K [0x0000000080000000, 0x0000000100000000)
  region size 1024K, 9 young (9216K), 9 survivors (9216K)
 Metaspace       used 92737K, committed 93376K, reserved 1179648K
  class space    used 12862K, committed 13184K, reserved 1048576K
}
Event: 4,254 GC heap before
{Heap before GC invocations=18 (full 0):
 garbage-first heap   total 219136K, used 173681K [0x0000000080000000, 0x0000000100000000)
  region size 1024K, 93 young (95232K), 9 survivors (9216K)
 Metaspace       used 97974K, committed 98688K, reserved 1179648K
  class space    used 13533K, committed 13888K, reserved 1048576K
}
Event: 4,257 GC heap after
{Heap after GC invocations=19 (full 0):
 garbage-first heap   total 219136K, used 95491K [0x0000000080000000, 0x0000000100000000)
  region size 1024K, 12 young (12288K), 12 survivors (12288K)
 Metaspace       used 97974K, committed 98688K, reserved 1179648K
  class space    used 13533K, committed 13888K, reserved 1048576K
}

